<?xml version="1.0" encoding="UTF-8"?>
<testng-results ignored="0" total="1" passed="1" failed="0" skipped="0">
  <reporter-output>
  </reporter-output>
  <suite started-at="2022-08-10T14:17:26Z" name="Default suite" finished-at="2022-08-10T14:17:28Z" duration-ms="1918">
    <groups>
    </groups>
    <test started-at="2022-08-10T14:17:26Z" name="Default test" finished-at="2022-08-10T14:17:28Z" duration-ms="1918">
      <class name="lambdaDemo.LaunchBrowser">
        <test-method signature="testGoogle()[pri:0, instance:lambdaDemo.LaunchBrowser@5026735c]" started-at="2022-08-10T14:17:26Z" name="testGoogle" finished-at="2022-08-10T14:17:28Z" duration-ms="1892" status="PASS">
          <reporter-output>
          </reporter-output>
        </test-method> <!-- testGoogle -->
      </class> <!-- lambdaDemo.LaunchBrowser -->
    </test> <!-- Default test -->
  </suite> <!-- Default suite -->
</testng-results>
